<?xml version="1.0" encoding="UTF-8"?>
<!-- Generated by org.testng.reporters.JUnitReportReporter -->
<testsuite skipped="0" hostname="LAPTOP-U80KTVV7" name="Orangehrm.TestTest" tests="1" failures="0" timestamp="21 Oct 2019 21:52:01 GMT" time="16.847" errors="0">
  <testcase name="getingBrowser" time="16.847" classname="Orangehrm.TestTest"/>
</testsuite> <!-- Orangehrm.TestTest -->
